{
    "meta": {
        "version": "6.3.2",
        "timestamp": "2022-03-24T23:47:26.316572",
        "branch_coverage": false,
        "show_contexts": false
    },
    "files": {
        "app/__init__.py": {
            "executed_lines": [
                1
            ],
            "summary": {
                "covered_lines": 0,
                "num_statements": 0,
                "percent_covered": 100.0,
                "percent_covered_display": "100",
                "missing_lines": 0,
                "excluded_lines": 0
            },
            "missing_lines": [],
            "excluded_lines": []
        },
        "app/example.py": {
            "executed_lines": [
                1,
                3,
                4,
                5,
                7,
                11,
                12,
                15,
                18
            ],
            "summary": {
                "covered_lines": 9,
                "num_statements": 13,
                "percent_covered": 69.23076923076923,
                "percent_covered_display": "69",
                "missing_lines": 4,
                "excluded_lines": 0
            },
            "missing_lines": [
                8,
                13,
                16,
                19
            ],
            "excluded_lines": []
        }
    },
    "totals": {
        "covered_lines": 9,
        "num_statements": 13,
        "percent_covered": 69.23076923076923,
        "percent_covered_display": "69",
        "missing_lines": 4,
        "excluded_lines": 0
    }
}